<?xml version="1.0" encoding="UTF-8"?>
<testng-results ignored="0" total="1" passed="1" failed="0" skipped="0">
  <reporter-output>
  </reporter-output>
  <suite started-at="2020-12-18T10:49:46 GMT" name="Suite" finished-at="2020-12-18T10:50:01 GMT" duration-ms="15908">
    <groups>
    </groups>
    <test started-at="2020-12-18T10:49:46 GMT" name="Test" finished-at="2020-12-18T10:50:01 GMT" duration-ms="15908">
      <class name="jenkins_using_batfile.SimpleTest001">
        <test-method signature="performSimpleTest()[pri:0, instance:jenkins_using_batfile.SimpleTest001@60015ef5]" started-at="2020-12-18T10:49:46 GMT" name="performSimpleTest" finished-at="2020-12-18T10:50:01 GMT" duration-ms="15859" status="PASS">
          <reporter-output>
          </reporter-output>
        </test-method> <!-- performSimpleTest -->
      </class> <!-- jenkins_using_batfile.SimpleTest001 -->
    </test> <!-- Test -->
  </suite> <!-- Suite -->
</testng-results>
